epoch,train_loss,validation_loss
1,1.4875783935109845,1.0127127116664927
2,1.0239203475931822,0.7772684471404299
3,0.8815018664880079,0.674645297070767
4,0.8110253834173904,0.6389873512881867
5,0.7659250395124377,0.5900307598900287
6,0.734277256111057,0.5731344923694083
7,0.7089018892649012,0.5609812384590189
8,0.6891544215632586,0.5379405359321452
9,0.6722100383435007,0.5279761834981593
10,0.6559870965103908,0.5238647438744282
11,0.6439848831237739,0.5144143614997255
12,0.6325652167386314,0.49539057117827395
13,0.6206693402615576,0.48316633479392274
14,0.6117285647781874,0.4859868107323951
15,0.6045367315438035,0.4788165828014942
16,0.5953483320044793,0.481617825779509
17,0.5879392036324496,0.48291699287105117
18,0.5815189152585465,0.45264587107490983
19,0.5754490744580596,0.4733810884521363
20,0.5692993949827462,0.45898859789396856
21,0.5640592669297281,0.4581347833922569
22,0.5586106566510446,0.45827442740506313
23,0.5521296773033074,0.43962257720054465
24,0.5474595650368855,0.4470924571790594
25,0.544717551706951,0.433631771898016
26,0.5401709256015493,0.4386002326265295
27,0.5345413686433016,0.43098064084002313
28,0.5316039323806763,0.43734435229859453
29,0.52727664342782,0.43199436778717853
30,0.5235474267924869,0.440281240229911
31,0.5198765839607211,0.42631372428954917
32,0.5170731043201569,0.41467773660700374
33,0.5130533324041756,0.4223624548696457
34,0.5097973592857272,0.42308780249763045
35,0.5066118359989213,0.41725882602498887
36,0.5035890861154662,0.41784358928178217
37,0.5000041578739194,0.42410313528268895
38,0.4979382932821345,0.41015967853525853
39,0.4949186164257158,0.42038609674002264
40,0.49226632735445486,0.41248378775855327
41,0.4888121901778091,0.41475617647805113
42,0.48763022239635934,0.4149166703858274
43,0.4846909257912509,0.4054388386454988
44,0.4822677930760765,0.396373821224304
45,0.480552841355068,0.4007410781180605
46,0.478891306670902,0.4169741085869201
47,0.4754503168708266,0.4050878497197273
48,0.4736494035005146,0.3979318744324623
49,0.47159932609349753,0.391980914993489
50,0.46957552501829225,0.39990060839881286
51,0.46737104982508226,0.4068457552410187
52,0.4666251648171122,0.40982661110923646
53,0.46340103375975233,0.3940896249197899
54,0.46159288144238675,0.40065014473301297
55,0.46012143930999255,0.39803565959347054
56,0.45791792149653865,0.39136933139029967
57,0.4559108196736229,0.40010572954061185
58,0.45592791530209364,0.4025571384328477
59,0.4530743000562407,0.39833648011405415
60,0.45053964567438537,0.3935124569750847
61,0.44996258351773183,0.3913798925090343
62,0.4480453410432351,0.39818862112278636
63,0.44693702623433373,0.3977471401399754
64,0.44611290488954547,0.39749538391194444
65,0.44304221275644656,0.39418319485923076
66,0.4420209190350019,0.387301707996967
67,0.4411300348769708,0.3942017006747266
68,0.4392013236430356,0.39241861377624754
69,0.43758596921898757,0.38629547205377135
70,0.43648057869018503,0.3898259715196934
71,0.4362699929393206,0.39645787772346053
72,0.434609687190708,0.3879006089682275
73,0.43336948043076223,0.3944883186449396
74,0.4313529995576103,0.38516244498339103
75,0.43041710944624606,0.3887744517402446
76,0.4291751720342077,0.3896064262123818
77,0.4279948154308868,0.3953532595583733
78,0.425993097082548,0.3964396119117737
79,0.4252065946852547,0.3901812822577801
80,0.4245798958343045,0.3883946439687242
81,0.4231723990575882,0.3995844399992456
82,0.42199709799742824,0.39435712311496124
83,0.42057918729409444,0.38924099235458576
84,0.4195236124323274,0.39345155481962446
85,0.41893242550997284,0.3958007296983232
86,0.4170431814968692,0.39237616591631097
87,0.41683337875835424,0.38619917282398714
88,0.41505212592189306,0.39463140403336666
89,0.41437884275909004,0.38690614351566804
90,0.41176531332847705,0.39397416010181957
91,0.4114106840075227,0.387512612850108
92,0.4109747803655865,0.3856757113591154
93,0.4090427933111919,0.3981828879802785
94,0.4078962910874064,0.39525255132862863
95,0.40784609857715043,0.39327845690732305
96,0.4062249210545691,0.38887987682159914
97,0.4052239880892142,0.39184978223861533
98,0.40526542221038847,0.3973111946215021
99,0.40403488363084744,0.3915425719732934
100,0.402193593936534,0.3934950643080346
101,0.40211403316968714,0.38706932391258
102,0.4014084014651195,0.3862866439083789
103,0.3996384439205827,0.3933550295360545
104,0.39903266725277603,0.39009685513186965
105,0.3992065575046607,0.38724047373583975
106,0.3979207485331947,0.3967331827003905
107,0.3968575371306912,0.3881933004298109
108,0.39628796308544556,0.38922515115205275
109,0.39544595997668075,0.3935317701481758
110,0.3940528354890393,0.3859676701274324
111,0.3924098556355092,0.3843620536809272
112,0.39326014431924633,0.3974119429575636
113,0.39198326979818393,0.39471174221723637
114,0.39097264573163293,0.40923955925601596
115,0.3899843074500455,0.39253179015631373
116,0.3892569677973725,0.3994008756064354
117,0.3885321143359528,0.39873447015564495
118,0.38821927586414884,0.39896062270123905
119,0.38689102621527377,0.39627273047858097
120,0.3864090617871835,0.39843598325201807
121,0.3863067096016547,0.39959130388625125
122,0.38446277300587345,0.3949762489250366
123,0.3838018137121285,0.3966966716850058
124,0.38349931114096836,0.4001432408360725
125,0.383292636958151,0.38798299828108324
126,0.38066201507515846,0.3975939760182766
127,0.3819542268347359,0.3859883995449289
128,0.3795201836110855,0.39940817083450075
129,0.37930242492292954,0.3946393260613401
130,0.379301804632319,0.39279789556848244
131,0.37881608474106393,0.39224052888915895
132,0.37724496368616556,0.39640231097632267
133,0.3763095512059823,0.3947335822468108
134,0.376555645762286,0.4022429460223685
135,0.3751752096001674,0.39646692367944314
136,0.3750380169646566,0.3946374163348624
137,0.3740704072305195,0.39425524482701685
138,0.3734680827091685,0.39017295758140846
139,0.3732463567125649,0.3979835418310571
140,0.37271488655100493,0.38685671351057416
141,0.37243652047314824,0.3987553710950182
142,0.37112912948559273,0.39567370617643316
143,0.3709771514574122,0.4017286566977805
144,0.37069105646750006,0.3996039292913802
145,0.36954812009423493,0.4009281333456648
146,0.36986410681350196,0.3997376914671127
147,0.3684533269642513,0.40154824374203985
148,0.36737086373789907,0.40179689276091596
149,0.36721013086727206,0.39746130226140325
150,0.36698592667257807,0.4054373491634714
151,0.3656424249573669,0.39226720529667874
152,0.3657869148212047,0.4056528426231222
153,0.3649276163607677,0.40505398794057523
154,0.36430942223508234,0.40784584112623906
155,0.363451421525508,0.40334275333171193
156,0.3625080531486186,0.4049088434970125
157,0.3634474720031711,0.4043743718177714
158,0.36325655308540505,0.4060517804736787
159,0.36126109370118137,0.3993758725676131
160,0.36145053674230354,0.41312304598853944
161,0.3607081640677173,0.401077076634194
162,0.360063336882244,0.4093529287170857
163,0.3593724221255809,0.41127209381220187
164,0.3580267645326008,0.40975743357805494
165,0.3591939642840126,0.4105131483458458
166,0.3581963665320225,0.40906564495030867
167,0.3573630233535123,0.40535398414160345
168,0.3559553799472524,0.413435235619545
169,0.3566902330141931,0.39989266592137357
170,0.35543197621037226,0.40941739415234707
171,0.3548850753273464,0.40700061127860493
172,0.35498893991456787,0.4048565649922858
173,0.3553990524255573,0.39771249176973994
174,0.3535804591847991,0.3997694800825829
175,0.35327267366234827,0.4097514472743298
176,0.3527896340215185,0.41218642161247576
177,0.3526375720915955,0.4213518224498059
178,0.3520079431906475,0.405614380506759
179,0.35195396562664377,0.41451870951246705
180,0.35135398066700246,0.4098698875688492
181,0.35057137771567487,0.41187896230753435
182,0.34952423595831617,0.4061495618934327
183,0.3501625095442811,0.4007062133639417
184,0.3502080383880947,0.4137360456776112
185,0.34778490720803107,0.41044412030184524
186,0.34867061094958235,0.4008853633670097
187,0.34824403786955677,0.40739995970370924
188,0.3471494215949179,0.4041449823912154
189,0.3458480785731524,0.40273607062532546
190,0.3464127719719922,0.4217726616783345
191,0.34757299379811196,0.41539842207381067
192,0.3459141700136513,0.4139815868532404
193,0.34537131245352237,0.40530081378652694
194,0.34490754231678233,0.4135892259630751
195,0.3453051451573787,0.41739811494629436
196,0.344147496176867,0.41190580674942506
197,0.3441153106215157,0.41162319624043525
198,0.3438529020198497,0.42180507709371284
199,0.3432036641435979,0.41167472651664244
200,0.34201039524738996,0.4176270987125153
201,0.3425031358882335,0.41244869663360273
202,0.3425717195016241,0.4084270553703004
203,0.3410595993165648,0.4116200425840439
204,0.3408930264082514,0.41302028504457877
205,0.34096197781300247,0.41644652948734606
206,0.3385211973059029,0.40980064821370105
207,0.33996854582222485,0.41321496982523737
208,0.3390945032583037,0.4187993250311689
209,0.3396927893796992,0.4078569364674548
210,0.33853306784087767,0.4089827486809264
211,0.3381099126055228,0.41466625557934983
212,0.3376736824084768,0.4109910049654068
213,0.33760421764151877,0.4245404970455677
214,0.33718372206493125,0.4127472439344893
215,0.33589434957207837,0.4145447995434416
216,0.33627984578825443,0.4109929354583963
217,0.33580444914621316,0.4099706343196808
218,0.33514586715672834,0.42276402166549193
219,0.3352779522141174,0.42380604243024866
220,0.33483732413652734,0.42572743065179663
221,0.33394534989106295,0.4135556365264223
222,0.3336069123359599,0.421502041848416
223,0.3330389054270451,0.4300127760209936
224,0.3335730892409228,0.42763015025473655
225,0.33342216821589227,0.4273867331286694
226,0.33278018940193826,0.42057343255332175
227,0.33295409765167305,0.42224011459249133
228,0.33160663074540836,0.415843129475066
229,0.3315622521759562,0.4243743137476292
230,0.3312469152849479,0.4296117378993237
231,0.33040406553613993,0.43173060566186905
232,0.32904183398766795,0.4191162386473189
233,0.32999251404409935,0.4270615759999194
234,0.3291614203851134,0.42891123827467575
235,0.3295718508228316,0.42190896133159067
236,0.3282552420775378,0.4270125270840969
237,0.3279650681925074,0.4225310431198871
238,0.32932621235322357,0.42369057919750824
239,0.3274880845635653,0.4124203719040181
240,0.3270759246383213,0.41092490706037965
241,0.32746910556595027,0.4216555759627768
242,0.32685221676081155,0.4300400567181567
243,0.3268360134551623,0.4182403827918337
244,0.3271209608174556,0.41770515511644646
245,0.32582062874551776,0.42234413611127974
246,0.3259101881121234,0.42123953221326177
247,0.32579051177836227,0.4440582312167959
248,0.3254081198207862,0.4308370239240058
249,0.32459491718937616,0.42997362845121545
250,0.32324444713008127,0.4258162111360976
251,0.32431539046192676,0.43238444420251443
252,0.3239670609178594,0.42484912307972605
253,0.32451228238973057,0.4311001655903268
254,0.3234179638207065,0.4265659039324902
255,0.32311445882223006,0.4278662921266353
256,0.3221620414968494,0.4359033299570388
257,0.3228932301485729,0.4236522060125432
258,0.32264153783740623,0.43142657362400216
259,0.32108211575562323,0.42566955898036346
260,0.3205596037063463,0.42897923829707696
261,0.32222134070752145,0.4257337384401484
262,0.3206687297003731,0.43251995884991706
263,0.32074726543672133,0.42567947126449424
264,0.32020658048177486,0.4391436836820968
265,0.31915424200400155,0.42204898595809937
266,0.3197465760775612,0.42974717550455255
267,0.31975587493149465,0.4129188105146936
268,0.3192286716896518,0.43195655498098817
269,0.31893154465284057,0.43936834975760036
270,0.31840029094189565,0.4277426804950897
271,0.31788616456739854,0.4290201318390826
272,0.3190625943044998,0.426988089972354
273,0.31792620337877564,0.43320695215717275
274,0.31725489918546185,0.4330760912692293
275,0.31768139582755933,0.429257166988038
276,0.3167545957421325,0.4335771792746605
277,0.31673569127679085,0.42870104027555345
278,0.3166427368275014,0.431560717047529
279,0.31559623277632,0.4349890281545355
280,0.3163141680229621,0.43414152889175617
281,0.3158918453469793,0.4300613577695603
282,0.3143407106928885,0.4376650473221819
283,0.3147059150212188,0.4290720187920205
284,0.31429286033815007,0.43622546294268144
285,0.31491041956320537,0.4329889903360225
286,0.3136033506312972,0.42968690030752343
287,0.31394288610819177,0.4195758746342456
288,0.3129954693266596,0.4379708112237301
289,0.3144759459033952,0.4352532923221588
290,0.3129381029792196,0.42640609468551394
291,0.3134026838132374,0.43305103369849796
292,0.3121981347644731,0.437811553002672
293,0.3126964106970528,0.43384366545905456
294,0.3115507625241898,0.4338761509415951
295,0.31194043138310923,0.427473043666241
296,0.31154610118688103,0.4398582419182392
297,0.3113214710254229,0.43881649698348757
298,0.31056849624081573,0.42931261373327134
299,0.3109453382437013,0.4279073765303226
300,0.31104165797335215,0.43682123863316596
301,0.31099995356681714,0.43704363291567944
302,0.3093205814251468,0.4363323903464256
303,0.3097951282510537,0.44249874305851916
304,0.3102673243459969,0.44056213821502443
305,0.3091038565017402,0.4385550188574385
306,0.30846404907546715,0.4283256411869475
307,0.30938588270709105,0.44841287126566504
308,0.3094750485559975,0.44662425730456695
309,0.30828685267145217,0.4501177671741932
310,0.3084726520478196,0.4372582568767223
311,0.3076720323486396,0.4431320722115801
312,0.3080722046999482,0.43249551951885223
313,0.307531875361346,0.44588582090874934
314,0.3073136779491262,0.43434843167345577
315,0.3071385890139568,0.44599548822387736
316,0.30722645893825307,0.44231784121787293
317,0.3056718053868566,0.4381102578754121
318,0.30666070366625675,0.43556381492538654
319,0.30621072856401677,0.4452399337228308
320,0.3057709950854469,0.4494389481049903
321,0.30586215790169274,0.4453391963814167
322,0.3045681289415376,0.4431271537187252
323,0.30533445172580903,0.44219840825238127
324,0.3055219736023017,0.44756508428365627
325,0.3041378800123665,0.44286060095467467
